{"/home/aurore/Documents/cda-session-2/02-truckbusters-backend/truckbusters_backend/server.js": {"path":"/home/aurore/Documents/cda-session-2/02-truckbusters-backend/truckbusters_backend/server.js","statementMap":{"0":{"start":{"line":14,"column":11},"end":{"line":14,"column":21}},"1":{"start":{"line":15,"column":13},"end":{"line":15,"column":17}},"2":{"start":{"line":16,"column":16},"end":{"line":16,"column":20}},"3":{"start":{"line":18,"column":0},"end":{"line":18,"column":null}},"4":{"start":{"line":20,"column":0},"end":{"line":32,"column":null}},"5":{"start":{"line":21,"column":2},"end":{"line":21,"column":null}},"6":{"start":{"line":22,"column":2},"end":{"line":25,"column":null}},"7":{"start":{"line":26,"column":2},"end":{"line":29,"column":null}},"8":{"start":{"line":30,"column":2},"end":{"line":30,"column":61}},"9":{"start":{"line":31,"column":2},"end":{"line":31,"column":null}},"10":{"start":{"line":34,"column":0},"end":{"line":34,"column":null}},"11":{"start":{"line":36,"column":0},"end":{"line":36,"column":null}},"12":{"start":{"line":39,"column":0},"end":{"line":46,"column":null}},"13":{"start":{"line":40,"column":2},"end":{"line":44,"column":null}},"14":{"start":{"line":45,"column":2},"end":{"line":45,"column":null}},"15":{"start":{"line":48,"column":0},"end":{"line":51,"column":null}},"16":{"start":{"line":49,"column":2},"end":{"line":49,"column":null}},"17":{"start":{"line":50,"column":1},"end":{"line":50,"column":null}},"18":{"start":{"line":54,"column":0},"end":{"line":60,"column":null}},"19":{"start":{"line":59,"column":14},"end":{"line":59,"column":56}},"20":{"start":{"line":60,"column":18},"end":{"line":60,"column":62}},"21":{"start":{"line":67,"column":0},"end":{"line":67,"column":null}},"22":{"start":{"line":69,"column":0},"end":{"line":69,"column":null}},"23":{"start":{"line":71,"column":0},"end":{"line":71,"column":null}},"24":{"start":{"line":72,"column":0},"end":{"line":72,"column":null}}},"fnMap":{"0":{"name":"(anonymous_0)","decl":{"start":{"line":20,"column":8},"end":{"line":20,"column":9}},"loc":{"start":{"line":20,"column":28},"end":{"line":32,"column":1}},"line":20},"1":{"name":"(anonymous_1)","decl":{"start":{"line":39,"column":8},"end":{"line":39,"column":9}},"loc":{"start":{"line":39,"column":28},"end":{"line":46,"column":1}},"line":39},"2":{"name":"(anonymous_2)","decl":{"start":{"line":48,"column":17},"end":{"line":48,"column":18}},"loc":{"start":{"line":48,"column":23},"end":{"line":51,"column":1}},"line":48},"3":{"name":"(anonymous_3)","decl":{"start":{"line":59,"column":8},"end":{"line":59,"column":9}},"loc":{"start":{"line":59,"column":14},"end":{"line":59,"column":56}},"line":59},"4":{"name":"(anonymous_4)","decl":{"start":{"line":60,"column":9},"end":{"line":60,"column":10}},"loc":{"start":{"line":60,"column":18},"end":{"line":60,"column":62}},"line":60}},"branchMap":{},"s":{"0":1,"1":1,"2":1,"3":1,"4":1,"5":1,"6":1,"7":1,"8":1,"9":1,"10":1,"11":1,"12":1,"13":1,"14":1,"15":1,"16":1,"17":1,"18":1,"19":0,"20":0,"21":1,"22":1,"23":1,"24":1},"f":{"0":1,"1":1,"2":1,"3":0,"4":0},"b":{},"meta":{"lastBranch":0,"lastFunction":5,"lastStatement":25,"seen":{"s:14:11:14:21":0,"s:15:13:15:17":1,"s:16:16:16:20":2,"s:18:0:18:Infinity":3,"s:20:0:32:Infinity":4,"f:20:8:20:9":0,"s:21:2:21:Infinity":5,"s:22:2:25:Infinity":6,"s:26:2:29:Infinity":7,"s:30:2:30:61":8,"s:31:2:31:Infinity":9,"s:34:0:34:Infinity":10,"s:36:0:36:Infinity":11,"s:39:0:46:Infinity":12,"f:39:8:39:9":1,"s:40:2:44:Infinity":13,"s:45:2:45:Infinity":14,"s:48:0:51:Infinity":15,"f:48:17:48:18":2,"s:49:2:49:Infinity":16,"s:50:1:50:Infinity":17,"s:54:0:60:Infinity":18,"f:59:8:59:9":3,"s:59:14:59:56":19,"f:60:9:60:10":4,"s:60:18:60:62":20,"s:67:0:67:Infinity":21,"s:69:0:69:Infinity":22,"s:71:0:71:Infinity":23,"s:72:0:72:Infinity":24}}}
,"/home/aurore/Documents/cda-session-2/02-truckbusters-backend/truckbusters_backend/swagger.js": {"path":"/home/aurore/Documents/cda-session-2/02-truckbusters-backend/truckbusters_backend/swagger.js","statementMap":{"0":{"start":{"line":4,"column":16},"end":{"line":29,"column":1}},"1":{"start":{"line":30,"column":19},"end":{"line":30,"column":41}},"2":{"start":{"line":33,"column":2},"end":{"line":33,"column":null}},"3":{"start":{"line":35,"column":2},"end":{"line":38,"column":null}},"4":{"start":{"line":36,"column":4},"end":{"line":36,"column":null}},"5":{"start":{"line":37,"column":4},"end":{"line":37,"column":null}}},"fnMap":{"0":{"name":"swaggerDocs","decl":{"start":{"line":31,"column":9},"end":{"line":31,"column":20}},"loc":{"start":{"line":31,"column":26},"end":{"line":39,"column":null}},"line":31},"1":{"name":"(anonymous_1)","decl":{"start":{"line":35,"column":24},"end":{"line":35,"column":25}},"loc":{"start":{"line":35,"column":38},"end":{"line":38,"column":3}},"line":35}},"branchMap":{},"s":{"0":1,"1":1,"2":1,"3":1,"4":0,"5":0},"f":{"0":1,"1":0},"b":{},"meta":{"lastBranch":0,"lastFunction":2,"lastStatement":6,"seen":{"s:4:16:29:1":0,"s:30:19:30:41":1,"f:31:9:31:20":0,"s:33:2:33:Infinity":2,"s:35:2:38:Infinity":3,"f:35:24:35:25":1,"s:36:4:36:Infinity":4,"s:37:4:37:Infinity":5}}}
,"/home/aurore/Documents/cda-session-2/02-truckbusters-backend/truckbusters_backend/controllers/appointment.js": {"path":"/home/aurore/Documents/cda-session-2/02-truckbusters-backend/truckbusters_backend/controllers/appointment.js","statementMap":{"0":{"start":{"line":10,"column":30},"end":{"line":133,"column":1}},"1":{"start":{"line":12,"column":4},"end":{"line":98,"column":null}},"2":{"start":{"line":13,"column":70},"end":{"line":13,"column":78}},"3":{"start":{"line":15,"column":31},"end":{"line":15,"column":46}},"4":{"start":{"line":16,"column":37},"end":{"line":16,"column":48}},"5":{"start":{"line":17,"column":58},"end":{"line":17,"column":68}},"6":{"start":{"line":18,"column":46},"end":{"line":18,"column":55}},"7":{"start":{"line":20,"column":6},"end":{"line":32,"column":null}},"8":{"start":{"line":31,"column":8},"end":{"line":31,"column":null}},"9":{"start":{"line":34,"column":21},"end":{"line":38,"column":8}},"10":{"start":{"line":40,"column":6},"end":{"line":40,"column":null}},"11":{"start":{"line":42,"column":22},"end":{"line":46,"column":8}},"12":{"start":{"line":48,"column":6},"end":{"line":48,"column":null}},"13":{"start":{"line":50,"column":28},"end":{"line":53,"column":8}},"14":{"start":{"line":55,"column":6},"end":{"line":55,"column":null}},"15":{"start":{"line":57,"column":20},"end":{"line":61,"column":8}},"16":{"start":{"line":63,"column":6},"end":{"line":63,"column":null}},"17":{"start":{"line":65,"column":26},"end":{"line":68,"column":8}},"18":{"start":{"line":70,"column":6},"end":{"line":70,"column":null}},"19":{"start":{"line":72,"column":26},"end":{"line":78,"column":8}},"20":{"start":{"line":80,"column":6},"end":{"line":80,"column":null}},"21":{"start":{"line":82,"column":6},"end":{"line":82,"column":null}},"22":{"start":{"line":84,"column":5},"end":{"line":84,"column":null}},"23":{"start":{"line":85,"column":5},"end":{"line":93,"column":null}},"24":{"start":{"line":95,"column":6},"end":{"line":95,"column":null}},"25":{"start":{"line":97,"column":6},"end":{"line":97,"column":null}},"26":{"start":{"line":102,"column":4},"end":{"line":111,"column":null}},"27":{"start":{"line":103,"column":57},"end":{"line":105,"column":8}},"28":{"start":{"line":107,"column":6},"end":{"line":107,"column":null}},"29":{"start":{"line":108,"column":6},"end":{"line":108,"column":null}},"30":{"start":{"line":110,"column":6},"end":{"line":110,"column":null}},"31":{"start":{"line":115,"column":4},"end":{"line":131,"column":null}},"32":{"start":{"line":116,"column":26},"end":{"line":116,"column":67}},"33":{"start":{"line":117,"column":6},"end":{"line":119,"column":null}},"34":{"start":{"line":118,"column":8},"end":{"line":118,"column":null}},"35":{"start":{"line":121,"column":21},"end":{"line":121,"column":65}},"36":{"start":{"line":123,"column":20},"end":{"line":123,"column":62}},"37":{"start":{"line":125,"column":22},"end":{"line":125,"column":68}},"38":{"start":{"line":127,"column":6},"end":{"line":127,"column":null}},"39":{"start":{"line":128,"column":6},"end":{"line":128,"column":null}},"40":{"start":{"line":130,"column":6},"end":{"line":130,"column":null}}},"fnMap":{"0":{"name":"(anonymous_0)","decl":{"start":{"line":11,"column":19},"end":{"line":11,"column":24}},"loc":{"start":{"line":11,"column":39},"end":{"line":99,"column":3}},"line":11},"1":{"name":"(anonymous_1)","decl":{"start":{"line":101,"column":22},"end":{"line":101,"column":27}},"loc":{"start":{"line":101,"column":42},"end":{"line":112,"column":3}},"line":101},"2":{"name":"(anonymous_2)","decl":{"start":{"line":114,"column":22},"end":{"line":114,"column":27}},"loc":{"start":{"line":114,"column":42},"end":{"line":132,"column":3}},"line":114}},"branchMap":{"0":{"loc":{"start":{"line":20,"column":6},"end":{"line":32,"column":null}},"type":"if","locations":[{"start":{"line":20,"column":6},"end":{"line":32,"column":null}},{"start":{},"end":{}}],"line":20},"1":{"loc":{"start":{"line":21,"column":8},"end":{"line":29,"column":null}},"type":"binary-expr","locations":[{"start":{"line":21,"column":8},"end":{"line":21,"column":15}},{"start":{"line":22,"column":8},"end":{"line":22,"column":13}},{"start":{"line":23,"column":8},"end":{"line":23,"column":13}},{"start":{"line":24,"column":8},"end":{"line":24,"column":14}},{"start":{"line":25,"column":8},"end":{"line":25,"column":18}},{"start":{"line":26,"column":8},"end":{"line":26,"column":17}},{"start":{"line":27,"column":8},"end":{"line":27,"column":14}},{"start":{"line":28,"column":8},"end":{"line":28,"column":14}},{"start":{"line":29,"column":8},"end":{"line":29,"column":null}}],"line":21},"2":{"loc":{"start":{"line":117,"column":6},"end":{"line":119,"column":null}},"type":"if","locations":[{"start":{"line":117,"column":6},"end":{"line":119,"column":null}},{"start":{},"end":{}}],"line":117}},"s":{"0":1,"1":1,"2":1,"3":1,"4":1,"5":1,"6":1,"7":1,"8":0,"9":0,"10":0,"11":0,"12":0,"13":0,"14":0,"15":0,"16":0,"17":0,"18":0,"19":0,"20":0,"21":0,"22":0,"23":0,"24":0,"25":1,"26":0,"27":0,"28":0,"29":0,"30":0,"31":0,"32":0,"33":0,"34":0,"35":0,"36":0,"37":0,"38":0,"39":0,"40":0},"f":{"0":1,"1":0,"2":0},"b":{"0":[0,1],"1":[1,0,0,0,0,0,0,0,0],"2":[0,0]},"meta":{"lastBranch":3,"lastFunction":3,"lastStatement":41,"seen":{"s:10:30:133:1":0,"f:11:19:11:24":0,"s:12:4:98:Infinity":1,"s:13:70:13:78":2,"s:15:31:15:46":3,"s:16:37:16:48":4,"s:17:58:17:68":5,"s:18:46:18:55":6,"b:20:6:32:Infinity:undefined:undefined:undefined:undefined":0,"s:20:6:32:Infinity":7,"b:21:8:21:15:22:8:22:13:23:8:23:13:24:8:24:14:25:8:25:18:26:8:26:17:27:8:27:14:28:8:28:14:29:8:29:Infinity":1,"s:31:8:31:Infinity":8,"s:34:21:38:8":9,"s:40:6:40:Infinity":10,"s:42:22:46:8":11,"s:48:6:48:Infinity":12,"s:50:28:53:8":13,"s:55:6:55:Infinity":14,"s:57:20:61:8":15,"s:63:6:63:Infinity":16,"s:65:26:68:8":17,"s:70:6:70:Infinity":18,"s:72:26:78:8":19,"s:80:6:80:Infinity":20,"s:82:6:82:Infinity":21,"s:84:5:84:Infinity":22,"s:85:5:93:Infinity":23,"s:95:6:95:Infinity":24,"s:97:6:97:Infinity":25,"f:101:22:101:27":1,"s:102:4:111:Infinity":26,"s:103:57:105:8":27,"s:107:6:107:Infinity":28,"s:108:6:108:Infinity":29,"s:110:6:110:Infinity":30,"f:114:22:114:27":2,"s:115:4:131:Infinity":31,"s:116:26:116:67":32,"b:117:6:119:Infinity:undefined:undefined:undefined:undefined":2,"s:117:6:119:Infinity":33,"s:118:8:118:Infinity":34,"s:121:21:121:65":35,"s:123:20:123:62":36,"s:125:22:125:68":37,"s:127:6:127:Infinity":38,"s:128:6:128:Infinity":39,"s:130:6:130:Infinity":40}}}
,"/home/aurore/Documents/cda-session-2/02-truckbusters-backend/truckbusters_backend/controllers/information.js": {"path":"/home/aurore/Documents/cda-session-2/02-truckbusters-backend/truckbusters_backend/controllers/information.js","statementMap":{"0":{"start":{"line":3,"column":30},"end":{"line":14,"column":1}},"1":{"start":{"line":6,"column":4},"end":{"line":12,"column":null}},"2":{"start":{"line":7,"column":27},"end":{"line":7,"column":51}},"3":{"start":{"line":9,"column":6},"end":{"line":9,"column":null}},"4":{"start":{"line":11,"column":6},"end":{"line":11,"column":null}}},"fnMap":{"0":{"name":"(anonymous_0)","decl":{"start":{"line":5,"column":22},"end":{"line":5,"column":27}},"loc":{"start":{"line":5,"column":42},"end":{"line":13,"column":3}},"line":5}},"branchMap":{},"s":{"0":1,"1":0,"2":0,"3":0,"4":0},"f":{"0":0},"b":{},"meta":{"lastBranch":0,"lastFunction":1,"lastStatement":5,"seen":{"s:3:30:14:1":0,"f:5:22:5:27":0,"s:6:4:12:Infinity":1,"s:7:27:7:51":2,"s:9:6:9:Infinity":3,"s:11:6:11:Infinity":4}}}
,"/home/aurore/Documents/cda-session-2/02-truckbusters-backend/truckbusters_backend/controllers/sendCustomerEmail.js": {"path":"/home/aurore/Documents/cda-session-2/02-truckbusters-backend/truckbusters_backend/controllers/sendCustomerEmail.js","statementMap":{"0":{"start":{"line":3,"column":26},"end":{"line":29,"column":1}},"1":{"start":{"line":4,"column":22},"end":{"line":13,"column":4}},"2":{"start":{"line":15,"column":22},"end":{"line":20,"column":3}},"3":{"start":{"line":22,"column":2},"end":{"line":28,"column":null}},"4":{"start":{"line":23,"column":4},"end":{"line":27,"column":null}},"5":{"start":{"line":24,"column":6},"end":{"line":24,"column":null}},"6":{"start":{"line":26,"column":6},"end":{"line":26,"column":null}}},"fnMap":{"0":{"name":"(anonymous_0)","decl":{"start":{"line":3,"column":26},"end":{"line":3,"column":27}},"loc":{"start":{"line":3,"column":72},"end":{"line":29,"column":1}},"line":3},"1":{"name":"(anonymous_1)","decl":{"start":{"line":22,"column":36},"end":{"line":22,"column":37}},"loc":{"start":{"line":22,"column":53},"end":{"line":28,"column":3}},"line":22}},"branchMap":{"0":{"loc":{"start":{"line":23,"column":4},"end":{"line":27,"column":null}},"type":"if","locations":[{"start":{"line":23,"column":4},"end":{"line":27,"column":null}},{"start":{"line":25,"column":11},"end":{"line":27,"column":null}}],"line":23}},"s":{"0":1,"1":0,"2":0,"3":0,"4":0,"5":0,"6":0},"f":{"0":0,"1":0},"b":{"0":[0,0]},"meta":{"lastBranch":1,"lastFunction":2,"lastStatement":7,"seen":{"s:3:26:29:1":0,"f:3:26:3:27":0,"s:4:22:13:4":1,"s:15:22:20:3":2,"s:22:2:28:Infinity":3,"f:22:36:22:37":1,"b:23:4:27:Infinity:25:11:27:Infinity":0,"s:23:4:27:Infinity":4,"s:24:6:24:Infinity":5,"s:26:6:26:Infinity":6}}}
,"/home/aurore/Documents/cda-session-2/02-truckbusters-backend/truckbusters_backend/controllers/sendSecretaryEmail.js": {"path":"/home/aurore/Documents/cda-session-2/02-truckbusters-backend/truckbusters_backend/controllers/sendSecretaryEmail.js","statementMap":{"0":{"start":{"line":3,"column":27},"end":{"line":37,"column":1}},"1":{"start":{"line":12,"column":22},"end":{"line":21,"column":4}},"2":{"start":{"line":23,"column":22},"end":{"line":28,"column":3}},"3":{"start":{"line":30,"column":2},"end":{"line":36,"column":null}},"4":{"start":{"line":31,"column":4},"end":{"line":35,"column":null}},"5":{"start":{"line":32,"column":6},"end":{"line":32,"column":null}},"6":{"start":{"line":34,"column":6},"end":{"line":34,"column":null}}},"fnMap":{"0":{"name":"(anonymous_0)","decl":{"start":{"line":3,"column":27},"end":{"line":3,"column":null}},"loc":{"start":{"line":11,"column":5},"end":{"line":37,"column":1}},"line":11},"1":{"name":"(anonymous_1)","decl":{"start":{"line":30,"column":36},"end":{"line":30,"column":37}},"loc":{"start":{"line":30,"column":53},"end":{"line":36,"column":3}},"line":30}},"branchMap":{"0":{"loc":{"start":{"line":31,"column":4},"end":{"line":35,"column":null}},"type":"if","locations":[{"start":{"line":31,"column":4},"end":{"line":35,"column":null}},{"start":{"line":33,"column":11},"end":{"line":35,"column":null}}],"line":31}},"s":{"0":1,"1":0,"2":0,"3":0,"4":0,"5":0,"6":0},"f":{"0":0,"1":0},"b":{"0":[0,0]},"meta":{"lastBranch":1,"lastFunction":2,"lastStatement":7,"seen":{"s:3:27:37:1":0,"f:3:27:3:Infinity":0,"s:12:22:21:4":1,"s:23:22:28:3":2,"s:30:2:36:Infinity":3,"f:30:36:30:37":1,"b:31:4:35:Infinity:33:11:35:Infinity":0,"s:31:4:35:Infinity":4,"s:32:6:32:Infinity":5,"s:34:6:34:Infinity":6}}}
,"/home/aurore/Documents/cda-session-2/02-truckbusters-backend/truckbusters_backend/models/Appointment.js": {"path":"/home/aurore/Documents/cda-session-2/02-truckbusters-backend/truckbusters_backend/models/Appointment.js","statementMap":{"0":{"start":{"line":3,"column":19},"end":{"line":3,"column":27}},"1":{"start":{"line":5,"column":26},"end":{"line":11,"column":2}}},"fnMap":{},"branchMap":{},"s":{"0":1,"1":1},"f":{},"b":{},"meta":{"lastBranch":0,"lastFunction":0,"lastStatement":2,"seen":{"s:3:19:3:27":0,"s:5:26:11:2":1}}}
,"/home/aurore/Documents/cda-session-2/02-truckbusters-backend/truckbusters_backend/models/Company.js": {"path":"/home/aurore/Documents/cda-session-2/02-truckbusters-backend/truckbusters_backend/models/Company.js","statementMap":{"0":{"start":{"line":3,"column":22},"end":{"line":7,"column":2}}},"fnMap":{},"branchMap":{},"s":{"0":1},"f":{},"b":{},"meta":{"lastBranch":0,"lastFunction":0,"lastStatement":1,"seen":{"s:3:22:7:2":0}}}
,"/home/aurore/Documents/cda-session-2/02-truckbusters-backend/truckbusters_backend/models/CompanyDriver.js": {"path":"/home/aurore/Documents/cda-session-2/02-truckbusters-backend/truckbusters_backend/models/CompanyDriver.js","statementMap":{"0":{"start":{"line":3,"column":28},"end":{"line":14,"column":2}}},"fnMap":{},"branchMap":{},"s":{"0":1},"f":{},"b":{},"meta":{"lastBranch":0,"lastFunction":0,"lastStatement":1,"seen":{"s:3:28:14:2":0}}}
,"/home/aurore/Documents/cda-session-2/02-truckbusters-backend/truckbusters_backend/models/Driver.js": {"path":"/home/aurore/Documents/cda-session-2/02-truckbusters-backend/truckbusters_backend/models/Driver.js","statementMap":{"0":{"start":{"line":3,"column":21},"end":{"line":7,"column":2}}},"fnMap":{},"branchMap":{},"s":{"0":1},"f":{},"b":{},"meta":{"lastBranch":0,"lastFunction":0,"lastStatement":1,"seen":{"s:3:21:7:2":0}}}
,"/home/aurore/Documents/cda-session-2/02-truckbusters-backend/truckbusters_backend/models/DriverTruck.js": {"path":"/home/aurore/Documents/cda-session-2/02-truckbusters-backend/truckbusters_backend/models/DriverTruck.js","statementMap":{"0":{"start":{"line":3,"column":26},"end":{"line":14,"column":2}}},"fnMap":{},"branchMap":{},"s":{"0":1},"f":{},"b":{},"meta":{"lastBranch":0,"lastFunction":0,"lastStatement":1,"seen":{"s:3:26:14:2":0}}}
,"/home/aurore/Documents/cda-session-2/02-truckbusters-backend/truckbusters_backend/models/Information.js": {"path":"/home/aurore/Documents/cda-session-2/02-truckbusters-backend/truckbusters_backend/models/Information.js","statementMap":{"0":{"start":{"line":3,"column":26},"end":{"line":9,"column":2}}},"fnMap":{},"branchMap":{},"s":{"0":1},"f":{},"b":{},"meta":{"lastBranch":0,"lastFunction":0,"lastStatement":1,"seen":{"s:3:26:9:2":0}}}
,"/home/aurore/Documents/cda-session-2/02-truckbusters-backend/truckbusters_backend/models/Truck.js": {"path":"/home/aurore/Documents/cda-session-2/02-truckbusters-backend/truckbusters_backend/models/Truck.js","statementMap":{"0":{"start":{"line":3,"column":20},"end":{"line":7,"column":2}}},"fnMap":{},"branchMap":{},"s":{"0":1},"f":{},"b":{},"meta":{"lastBranch":0,"lastFunction":0,"lastStatement":1,"seen":{"s:3:20:7:2":0}}}
,"/home/aurore/Documents/cda-session-2/02-truckbusters-backend/truckbusters_backend/routes/appointment.js": {"path":"/home/aurore/Documents/cda-session-2/02-truckbusters-backend/truckbusters_backend/routes/appointment.js","statementMap":{"0":{"start":{"line":2,"column":15},"end":{"line":2,"column":31}},"1":{"start":{"line":5,"column":0},"end":{"line":5,"column":null}},"2":{"start":{"line":6,"column":0},"end":{"line":6,"column":null}},"3":{"start":{"line":7,"column":0},"end":{"line":7,"column":null}}},"fnMap":{},"branchMap":{},"s":{"0":1,"1":1,"2":1,"3":1},"f":{},"b":{},"meta":{"lastBranch":0,"lastFunction":0,"lastStatement":4,"seen":{"s:2:15:2:31":0,"s:5:0:5:Infinity":1,"s:6:0:6:Infinity":2,"s:7:0:7:Infinity":3}}}
,"/home/aurore/Documents/cda-session-2/02-truckbusters-backend/truckbusters_backend/routes/information.js": {"path":"/home/aurore/Documents/cda-session-2/02-truckbusters-backend/truckbusters_backend/routes/information.js","statementMap":{"0":{"start":{"line":2,"column":15},"end":{"line":2,"column":31}},"1":{"start":{"line":5,"column":0},"end":{"line":5,"column":null}}},"fnMap":{},"branchMap":{},"s":{"0":1,"1":1},"f":{},"b":{},"meta":{"lastBranch":0,"lastFunction":0,"lastStatement":2,"seen":{"s:2:15:2:31":0,"s:5:0:5:Infinity":1}}}
}
